Determining if the Q_WS_WIN exist failed with the following output:
Change Dir: /home/gf/Projects/opencv/cuda_find/sift/build/CMakeFiles/CMakeTmp

Run Build Command:/usr/bin/make "cmTryCompileExec2099650132/fast"
make[1]: Entering directory `/home/gf/Projects/opencv/cuda_find/sift/build/CMakeFiles/CMakeTmp'
/usr/bin/make -f CMakeFiles/cmTryCompileExec2099650132.dir/build.make CMakeFiles/cmTryCompileExec2099650132.dir/build
make[2]: Entering directory `/home/gf/Projects/opencv/cuda_find/sift/build/CMakeFiles/CMakeTmp'
/usr/bin/cmake -E cmake_progress_report /home/gf/Projects/opencv/cuda_find/sift/build/CMakeFiles/CMakeTmp/CMakeFiles 1
Building CXX object CMakeFiles/cmTryCompileExec2099650132.dir/CheckSymbolExists.cxx.o
/usr/local/bin/c++    -std=c++11 -fopenmp  -I/usr/include/qt4    -o CMakeFiles/cmTryCompileExec2099650132.dir/CheckSymbolExists.cxx.o -c /home/gf/Projects/opencv/cuda_find/sift/build/CMakeFiles/CMakeTmp/CheckSymbolExists.cxx
/home/gf/Projects/opencv/cuda_find/sift/build/CMakeFiles/CMakeTmp/CheckSymbolExists.cxx: In function ‘int main(int, char**)’:
/home/gf/Projects/opencv/cuda_find/sift/build/CMakeFiles/CMakeTmp/CheckSymbolExists.cxx:8:19: error: ‘Q_WS_WIN’ was not declared in this scope
   return ((int*)(&Q_WS_WIN))[argc];
                   ^
make[2]: *** [CMakeFiles/cmTryCompileExec2099650132.dir/CheckSymbolExists.cxx.o] Error 1
make[2]: Leaving directory `/home/gf/Projects/opencv/cuda_find/sift/build/CMakeFiles/CMakeTmp'
make[1]: *** [cmTryCompileExec2099650132/fast] Error 2
make[1]: Leaving directory `/home/gf/Projects/opencv/cuda_find/sift/build/CMakeFiles/CMakeTmp'

File /home/gf/Projects/opencv/cuda_find/sift/build/CMakeFiles/CMakeTmp/CheckSymbolExists.cxx:
/* */
#include <QtCore/qglobal.h>

int main(int argc, char** argv)
{
  (void)argv;
#ifndef Q_WS_WIN
  return ((int*)(&Q_WS_WIN))[argc];
#else
  (void)argc;
  return 0;
#endif
}

Determining if the Q_WS_QWS exist failed with the following output:
Change Dir: /home/gf/Projects/opencv/cuda_find/sift/build/CMakeFiles/CMakeTmp

Run Build Command:/usr/bin/make "cmTryCompileExec2470660388/fast"
make[1]: Entering directory `/home/gf/Projects/opencv/cuda_find/sift/build/CMakeFiles/CMakeTmp'
/usr/bin/make -f CMakeFiles/cmTryCompileExec2470660388.dir/build.make CMakeFiles/cmTryCompileExec2470660388.dir/build
make[2]: Entering directory `/home/gf/Projects/opencv/cuda_find/sift/build/CMakeFiles/CMakeTmp'
/usr/bin/cmake -E cmake_progress_report /home/gf/Projects/opencv/cuda_find/sift/build/CMakeFiles/CMakeTmp/CMakeFiles 1
Building CXX object CMakeFiles/cmTryCompileExec2470660388.dir/CheckSymbolExists.cxx.o
/usr/local/bin/c++    -std=c++11 -fopenmp  -I/usr/include/qt4    -o CMakeFiles/cmTryCompileExec2470660388.dir/CheckSymbolExists.cxx.o -c /home/gf/Projects/opencv/cuda_find/sift/build/CMakeFiles/CMakeTmp/CheckSymbolExists.cxx
/home/gf/Projects/opencv/cuda_find/sift/build/CMakeFiles/CMakeTmp/CheckSymbolExists.cxx: In function ‘int main(int, char**)’:
/home/gf/Projects/opencv/cuda_find/sift/build/CMakeFiles/CMakeTmp/CheckSymbolExists.cxx:8:19: error: ‘Q_WS_QWS’ was not declared in this scope
   return ((int*)(&Q_WS_QWS))[argc];
                   ^
make[2]: *** [CMakeFiles/cmTryCompileExec2470660388.dir/CheckSymbolExists.cxx.o] Error 1
make[2]: Leaving directory `/home/gf/Projects/opencv/cuda_find/sift/build/CMakeFiles/CMakeTmp'
make[1]: Leaving directory `/home/gf/Projects/opencv/cuda_find/sift/build/CMakeFiles/CMakeTmp'
make[1]: *** [cmTryCompileExec2470660388/fast] Error 2

File /home/gf/Projects/opencv/cuda_find/sift/build/CMakeFiles/CMakeTmp/CheckSymbolExists.cxx:
/* */
#include <QtCore/qglobal.h>

int main(int argc, char** argv)
{
  (void)argv;
#ifndef Q_WS_QWS
  return ((int*)(&Q_WS_QWS))[argc];
#else
  (void)argc;
  return 0;
#endif
}

Determining if the Q_WS_MAC exist failed with the following output:
Change Dir: /home/gf/Projects/opencv/cuda_find/sift/build/CMakeFiles/CMakeTmp

Run Build Command:/usr/bin/make "cmTryCompileExec89537079/fast"
make[1]: Entering directory `/home/gf/Projects/opencv/cuda_find/sift/build/CMakeFiles/CMakeTmp'
/usr/bin/make -f CMakeFiles/cmTryCompileExec89537079.dir/build.make CMakeFiles/cmTryCompileExec89537079.dir/build
make[2]: Entering directory `/home/gf/Projects/opencv/cuda_find/sift/build/CMakeFiles/CMakeTmp'
/usr/bin/cmake -E cmake_progress_report /home/gf/Projects/opencv/cuda_find/sift/build/CMakeFiles/CMakeTmp/CMakeFiles 1
Building CXX object CMakeFiles/cmTryCompileExec89537079.dir/CheckSymbolExists.cxx.o
/usr/local/bin/c++    -std=c++11 -fopenmp  -I/usr/include/qt4    -o CMakeFiles/cmTryCompileExec89537079.dir/CheckSymbolExists.cxx.o -c /home/gf/Projects/opencv/cuda_find/sift/build/CMakeFiles/CMakeTmp/CheckSymbolExists.cxx
/home/gf/Projects/opencv/cuda_find/sift/build/CMakeFiles/CMakeTmp/CheckSymbolExists.cxx: In function ‘int main(int, char**)’:
/home/gf/Projects/opencv/cuda_find/sift/build/CMakeFiles/CMakeTmp/CheckSymbolExists.cxx:8:19: error: ‘Q_WS_MAC’ was not declared in this scope
   return ((int*)(&Q_WS_MAC))[argc];
                   ^
make[2]: *** [CMakeFiles/cmTryCompileExec89537079.dir/CheckSymbolExists.cxx.o] Error 1
make[2]: Leaving directory `/home/gf/Projects/opencv/cuda_find/sift/build/CMakeFiles/CMakeTmp'
make[1]: Leaving directory `/home/gf/Projects/opencv/cuda_find/sift/build/CMakeFiles/CMakeTmp'
make[1]: *** [cmTryCompileExec89537079/fast] Error 2

File /home/gf/Projects/opencv/cuda_find/sift/build/CMakeFiles/CMakeTmp/CheckSymbolExists.cxx:
/* */
#include <QtCore/qglobal.h>

int main(int argc, char** argv)
{
  (void)argv;
#ifndef Q_WS_MAC
  return ((int*)(&Q_WS_MAC))[argc];
#else
  (void)argc;
  return 0;
#endif
}

